<?xml version="1.0" encoding="UTF-8"?>
<!-- Generated by org.testng.reporters.JUnitXMLReporter -->
<testsuite ignored="3" hostname="LCG-" failures="0" tests="1" name="Default test" time="0.086" errors="0" timestamp="2024-09-13T18:22:14 ART">
  <testcase classname="Edit.AutomationProject.Clase6" name="alertaNotificacion" time="0.054"/>
  <testcase classname="Edit.AutomationProject.Clase6" name="rechazarAlerta" time="0.0">
    <ignored/>
  </testcase> <!-- rechazarAlerta -->
  <testcase classname="Edit.AutomationProject.Clase6" name="alertaDemorada" time="0.0">
    <ignored/>
  </testcase> <!-- alertaDemorada -->
  <testcase classname="Edit.AutomationProject.Clase6" name="escribirEnAlerta" time="0.0">
    <ignored/>
  </testcase> <!-- escribirEnAlerta -->
</testsuite> <!-- Default test -->
