<?xml version="1.0" encoding="UTF-8"?>
<!-- Generated by org.testng.reporters.JUnitXMLReporter -->
<testsuite ignored="0" hostname="LCG-" failures="0" tests="4" name="Test" time="7.628" errors="0" timestamp="2024-09-11T20:48:12 ART">
  <testcase classname="Pruebas.Clase5cTest" name="Login" time="2.433"/>
  <testcase classname="Pruebas.Clase5cTest" name="Login" time="1.655"/>
  <testcase classname="Pruebas.Clase5cTest" name="Login" time="1.833"/>
  <testcase classname="Pruebas.Clase5cTest" name="Login" time="1.61"/>
</testsuite> <!-- Test -->
