<?xml version="1.0" encoding="UTF-8"?>
<testng-results ignored="0" total="1" passed="1" failed="0" skipped="0">
  <reporter-output>
  </reporter-output>
  <suite started-at="2024-09-13T18:22:14 ART" name="Default suite" finished-at="2024-09-13T18:22:14 ART" duration-ms="86">
    <groups>
    </groups>
    <test started-at="2024-09-13T18:22:14 ART" name="Default test" finished-at="2024-09-13T18:22:14 ART" duration-ms="86">
      <class name="Edit.AutomationProject.Clase6">
        <test-method is-config="true" signature="setUp()[pri:0, instance:Edit.AutomationProject.Clase6@5d0bf09b]" started-at="2024-09-13T18:21:59 ART" name="setUp" finished-at="2024-09-13T18:22:14 ART" duration-ms="15460" status="PASS">
          <reporter-output>
          </reporter-output>
        </test-method> <!-- setUp -->
        <test-method signature="alertaNotificacion()[pri:0, instance:Edit.AutomationProject.Clase6@5d0bf09b]" started-at="2024-09-13T18:22:14 ART" name="alertaNotificacion" finished-at="2024-09-13T18:22:14 ART" duration-ms="54" status="PASS">
          <reporter-output>
          </reporter-output>
        </test-method> <!-- alertaNotificacion -->
      </class> <!-- Edit.AutomationProject.Clase6 -->
    </test> <!-- Default test -->
  </suite> <!-- Default suite -->
</testng-results>
